<?xml version="1.0" encoding="UTF-8"?>
<!-- Generated by org.testng.reporters.JUnitReportReporter -->
<testsuite hostname="3I-PC0CF90C" failures="0" tests="1" name="StepDefinations.TC04_SignUp_With_Multiple_Customers" time="10.632" errors="0" timestamp="2023-08-25T15:54:11 IST" skipped="0">
  <testcase classname="StepDefinations.TC04_SignUp_With_Multiple_Customers" name="createMultipleCustomers" time="10.632"/>
</testsuite> <!-- StepDefinations.TC04_SignUp_With_Multiple_Customers -->
