<?xml version="1.0" encoding="UTF-8"?>
<!-- Generated by org.testng.reporters.JUnitReportReporter -->
<testsuite hostname="3I-PC0CF90C" failures="0" tests="1" name="PageObject.Authentication" time="9.492" errors="0" timestamp="2023-09-24T11:21:45 IST" skipped="0">
  <testcase classname="PageObject.Authentication" name="name" time="9.492"/>
</testsuite> <!-- PageObject.Authentication -->
