<?xml version="1.0" encoding="UTF-8"?>
<!-- Generated by org.testng.reporters.JUnitReportReporter -->
<testsuite hostname="3I-PC0CF90C" failures="0" tests="4" name="StepDefinations.TC03_login_with_valide_credentials_and_place_orders" time="56.970" errors="0" timestamp="2023-08-25T18:08:14 IST" skipped="0">
  <testcase classname="StepDefinations.TC03_login_with_valide_credentials_and_place_orders" name="placeOrderTest" time="19.259"/>
  <testcase classname="StepDefinations.TC03_login_with_valide_credentials_and_place_orders" name="placeOrderTest" time="20.070"/>
  <testcase classname="StepDefinations.TC03_login_with_valide_credentials_and_place_orders" name="orderHistryVerification" time="8.918"/>
  <testcase classname="StepDefinations.TC03_login_with_valide_credentials_and_place_orders" name="orderHistryVerification" time="8.723"/>
</testsuite> <!-- StepDefinations.TC03_login_with_valide_credentials_and_place_orders -->
