<?xml version="1.0" encoding="UTF-8"?>
<!-- Generated by org.testng.reporters.JUnitReportReporter -->
<testsuite hostname="3I-PC0CF90C" failures="0" tests="4" name="StepDefinations.TC03_login_with_valide_credentials_and_place_orders" time="58.603" errors="0" timestamp="2023-08-25T18:49:50 IST" skipped="0">
  <testcase classname="StepDefinations.TC03_login_with_valide_credentials_and_place_orders" name="placeOrderTest" time="18.701"/>
  <testcase classname="StepDefinations.TC03_login_with_valide_credentials_and_place_orders" name="orderHistryVerification" time="11.404"/>
  <testcase classname="StepDefinations.TC03_login_with_valide_credentials_and_place_orders" name="orderHistryVerification" time="9.597"/>
  <testcase classname="StepDefinations.TC03_login_with_valide_credentials_and_place_orders" name="placeOrderTest" time="18.901"/>
</testsuite> <!-- StepDefinations.TC03_login_with_valide_credentials_and_place_orders -->
